INFO 2025-10-20 08:49:01,755 autoreload 2301 140092409305984 Watching for file changes with StatReloader
INFO 2025-10-20 18:58:09,872 autoreload 1216 140233095031680 Watching for file changes with StatReloader
INFO 2025-10-20 19:04:35,861 autoreload 1216 140233095031680 /home/user/des_project/students/urls.py changed, reloading.
INFO 2025-10-20 19:06:48,013 autoreload 2205 139647777418112 Watching for file changes with StatReloader
INFO 2025-10-20 19:08:59,509 autoreload 2205 139647777418112 /home/user/des_project/students/urls.py changed, reloading.
INFO 2025-10-20 19:09:00,420 autoreload 2402 140709928102784 Watching for file changes with StatReloader
INFO 2025-10-20 19:10:34,571 autoreload 2572 140535818476416 Watching for file changes with StatReloader
INFO 2025-10-20 19:12:45,797 basehttp 2572 140535543101120 "GET / HTTP/1.1" 302 0
ERROR 2025-10-20 19:12:50,302 log 2572 140535543101120 Internal Server Error: /health/
Traceback (most recent call last):
  File "/usr/local/lib/python3.12/site-packages/django/core/handlers/exception.py", line 55, in inner
    response = get_response(request)
               ^^^^^^^^^^^^^^^^^^^^^
  File "/usr/local/lib/python3.12/site-packages/django/core/handlers/base.py", line 220, in _get_response
    response = response.render()
               ^^^^^^^^^^^^^^^^^
  File "/usr/local/lib/python3.12/site-packages/django/template/response.py", line 114, in render
    self.content = self.rendered_content
                   ^^^^^^^^^^^^^^^^^^^^^
  File "/usr/local/lib/python3.12/site-packages/django/template/response.py", line 90, in rendered_content
    template = self.resolve_template(self.template_name)
               ^^^^^^^^^^^^^^^^^^^^^^^^^^^^^^^^^^^^^^^^^
  File "/usr/local/lib/python3.12/site-packages/django/template/response.py", line 72, in resolve_template
    return select_template(template, using=self.using)
           ^^^^^^^^^^^^^^^^^^^^^^^^^^^^^^^^^^^^^^^^^^^
  File "/usr/local/lib/python3.12/site-packages/django/template/loader.py", line 47, in select_template
    raise TemplateDoesNotExist(", ".join(template_name_list), chain=chain)
django.template.exceptions.TemplateDoesNotExist: health_check/index.html
ERROR 2025-10-20 19:12:50,306 basehttp 2572 140535543101120 "GET /health/ HTTP/1.1" 500 75551
INFO 2025-10-20 19:13:33,707 basehttp 2572 140535543101120 "GET /health/ HTTP/1.1" 200 4775
INFO 2025-10-20 19:13:42,184 basehttp 2572 140535543101120 "GET / HTTP/1.1" 302 0
